{"C:\\bootcamp\\bootcamp-gostack-desafios\\desafio-02\\gostack-template-conceitos-nodejs-master\\src\\app.js": {"path":"C:\\bootcamp\\bootcamp-gostack-desafios\\desafio-02\\gostack-template-conceitos-nodejs-master\\src\\app.js","statementMap":{"0":{"start":{"line":1,"column":16},"end":{"line":1,"column":34}},"1":{"start":{"line":2,"column":17},"end":{"line":2,"column":34}},"2":{"start":{"line":3,"column":13},"end":{"line":3,"column":28}},"3":{"start":{"line":5,"column":12},"end":{"line":5,"column":21}},"4":{"start":{"line":7,"column":0},"end":{"line":7,"column":24}},"5":{"start":{"line":8,"column":0},"end":{"line":8,"column":16}},"6":{"start":{"line":10,"column":21},"end":{"line":10,"column":23}},"7":{"start":{"line":12,"column":0},"end":{"line":14,"column":3}},"8":{"start":{"line":13,"column":2},"end":{"line":13,"column":49}},"9":{"start":{"line":16,"column":0},"end":{"line":30,"column":3}},"10":{"start":{"line":17,"column":32},"end":{"line":17,"column":44}},"11":{"start":{"line":19,"column":22},"end":{"line":25,"column":3}},"12":{"start":{"line":27,"column":2},"end":{"line":27,"column":33}},"13":{"start":{"line":29,"column":2},"end":{"line":29,"column":48}},"14":{"start":{"line":32,"column":0},"end":{"line":53,"column":3}},"15":{"start":{"line":33,"column":17},"end":{"line":33,"column":31}},"16":{"start":{"line":34,"column":32},"end":{"line":34,"column":44}},"17":{"start":{"line":36,"column":26},"end":{"line":36,"column":84}},"18":{"start":{"line":36,"column":63},"end":{"line":36,"column":83}},"19":{"start":{"line":38,"column":2},"end":{"line":40,"column":3}},"20":{"start":{"line":39,"column":4},"end":{"line":39,"column":72}},"21":{"start":{"line":42,"column":22},"end":{"line":48,"column":3}},"22":{"start":{"line":50,"column":2},"end":{"line":50,"column":46}},"23":{"start":{"line":52,"column":2},"end":{"line":52,"column":36}},"24":{"start":{"line":55,"column":0},"end":{"line":67,"column":3}},"25":{"start":{"line":56,"column":17},"end":{"line":56,"column":31}},"26":{"start":{"line":58,"column":26},"end":{"line":58,"column":84}},"27":{"start":{"line":58,"column":63},"end":{"line":58,"column":83}},"28":{"start":{"line":60,"column":2},"end":{"line":62,"column":3}},"29":{"start":{"line":61,"column":4},"end":{"line":61,"column":72}},"30":{"start":{"line":64,"column":2},"end":{"line":64,"column":42}},"31":{"start":{"line":66,"column":2},"end":{"line":66,"column":37}},"32":{"start":{"line":69,"column":0},"end":{"line":83,"column":3}},"33":{"start":{"line":70,"column":17},"end":{"line":70,"column":31}},"34":{"start":{"line":72,"column":26},"end":{"line":72,"column":84}},"35":{"start":{"line":72,"column":63},"end":{"line":72,"column":83}},"36":{"start":{"line":74,"column":2},"end":{"line":76,"column":3}},"37":{"start":{"line":75,"column":4},"end":{"line":75,"column":72}},"38":{"start":{"line":78,"column":22},"end":{"line":78,"column":104}},"39":{"start":{"line":80,"column":2},"end":{"line":80,"column":46}},"40":{"start":{"line":82,"column":2},"end":{"line":82,"column":36}},"41":{"start":{"line":85,"column":0},"end":{"line":85,"column":21}}},"fnMap":{"0":{"name":"(anonymous_0)","decl":{"start":{"line":12,"column":25},"end":{"line":12,"column":26}},"loc":{"start":{"line":12,"column":48},"end":{"line":14,"column":1}},"line":12},"1":{"name":"(anonymous_1)","decl":{"start":{"line":16,"column":26},"end":{"line":16,"column":27}},"loc":{"start":{"line":16,"column":49},"end":{"line":30,"column":1}},"line":16},"2":{"name":"(anonymous_2)","decl":{"start":{"line":32,"column":29},"end":{"line":32,"column":30}},"loc":{"start":{"line":32,"column":52},"end":{"line":53,"column":1}},"line":32},"3":{"name":"(anonymous_3)","decl":{"start":{"line":36,"column":49},"end":{"line":36,"column":50}},"loc":{"start":{"line":36,"column":63},"end":{"line":36,"column":83}},"line":36},"4":{"name":"(anonymous_4)","decl":{"start":{"line":55,"column":32},"end":{"line":55,"column":33}},"loc":{"start":{"line":55,"column":55},"end":{"line":67,"column":1}},"line":55},"5":{"name":"(anonymous_5)","decl":{"start":{"line":58,"column":49},"end":{"line":58,"column":50}},"loc":{"start":{"line":58,"column":63},"end":{"line":58,"column":83}},"line":58},"6":{"name":"(anonymous_6)","decl":{"start":{"line":69,"column":35},"end":{"line":69,"column":36}},"loc":{"start":{"line":69,"column":58},"end":{"line":83,"column":1}},"line":69},"7":{"name":"(anonymous_7)","decl":{"start":{"line":72,"column":49},"end":{"line":72,"column":50}},"loc":{"start":{"line":72,"column":63},"end":{"line":72,"column":83}},"line":72}},"branchMap":{"0":{"loc":{"start":{"line":38,"column":2},"end":{"line":40,"column":3}},"type":"if","locations":[{"start":{"line":38,"column":2},"end":{"line":40,"column":3}},{"start":{"line":38,"column":2},"end":{"line":40,"column":3}}],"line":38},"1":{"loc":{"start":{"line":60,"column":2},"end":{"line":62,"column":3}},"type":"if","locations":[{"start":{"line":60,"column":2},"end":{"line":62,"column":3}},{"start":{"line":60,"column":2},"end":{"line":62,"column":3}}],"line":60},"2":{"loc":{"start":{"line":74,"column":2},"end":{"line":76,"column":3}},"type":"if","locations":[{"start":{"line":74,"column":2},"end":{"line":76,"column":3}},{"start":{"line":74,"column":2},"end":{"line":76,"column":3}}],"line":74}},"s":{"0":2,"1":2,"2":2,"3":2,"4":2,"5":2,"6":2,"7":2,"8":2,"9":2,"10":6,"11":6,"12":6,"13":6,"14":2,"15":3,"16":3,"17":3,"18":10,"19":3,"20":1,"21":2,"22":2,"23":2,"24":2,"25":2,"26":2,"27":9,"28":2,"29":1,"30":1,"31":1,"32":2,"33":3,"34":3,"35":3,"36":3,"37":1,"38":2,"39":2,"40":2,"41":2},"f":{"0":2,"1":6,"2":3,"3":10,"4":2,"5":9,"6":3,"7":3},"b":{"0":[1,2],"1":[1,1],"2":[1,2]},"_coverageSchema":"1a1c01bbd47fc00a2c39e90264f33305004495a9","hash":"3e8ff9ddd9f9157796e5b83f9a02dd4987dbfe5d"}
}
