TN:
SF:src\app.js
FN:12,(anonymous_0)
FN:16,(anonymous_1)
FN:32,(anonymous_2)
FN:36,(anonymous_3)
FN:55,(anonymous_4)
FN:58,(anonymous_5)
FN:69,(anonymous_6)
FN:72,(anonymous_7)
FNF:8
FNH:8
FNDA:2,(anonymous_0)
FNDA:6,(anonymous_1)
FNDA:3,(anonymous_2)
FNDA:10,(anonymous_3)
FNDA:2,(anonymous_4)
FNDA:9,(anonymous_5)
FNDA:3,(anonymous_6)
FNDA:3,(anonymous_7)
DA:1,2
DA:2,2
DA:3,2
DA:5,2
DA:7,2
DA:8,2
DA:10,2
DA:12,2
DA:13,2
DA:16,2
DA:17,6
DA:19,6
DA:27,6
DA:29,6
DA:32,2
DA:33,3
DA:34,3
DA:36,10
DA:38,3
DA:39,1
DA:42,2
DA:50,2
DA:52,2
DA:55,2
DA:56,2
DA:58,9
DA:60,2
DA:61,1
DA:64,1
DA:66,1
DA:69,2
DA:70,3
DA:72,3
DA:74,3
DA:75,1
DA:78,2
DA:80,2
DA:82,2
DA:85,2
LF:39
LH:39
BRDA:38,0,0,1
BRDA:38,0,1,2
BRDA:60,1,0,1
BRDA:60,1,1,1
BRDA:74,2,0,1
BRDA:74,2,1,2
BRF:6
BRH:6
end_of_record
